<?xml version="1.0" encoding="UTF-8"?>
<!-- Generated by org.testng.reporters.JUnitXMLReporter -->
<testsuite ignored="0" hostname="ASCINLAP60954" failures="0" tests="3" name="Test" time="117.192" errors="0" timestamp="2025-05-26T11:26:35 IST">
  <testcase classname="tests.RegisterUserTest" name="testRegisterUser" time="24.147"/>
  <testcase classname="tests.LoginTest" name="loginWithValidCredentials" time="24.205"/>
  <testcase classname="tests.AddProductsToCartTest" name="testAddProductsToCart" time="15.055"/>
</testsuite> <!-- Test -->
