<?xml version="1.0" encoding="UTF-8"?>
<!-- Generated by org.testng.reporters.JUnitXMLReporter -->
<testsuite ignored="0" hostname="ASCINLAP60954" failures="0" tests="4" name="Default test" time="142.195" errors="0" timestamp="2025-05-26T11:40:42 IST">
  <testcase classname="tests.SpecialTests" name="CaptureScreenshot" time="2.413"/>
  <testcase classname="tests.SpecialTests" name="testAlertExample" time="12.088"/>
  <testcase classname="tests.SpecialTests" name="testClickUsingJS" time="8.045"/>
  <testcase classname="tests.SpecialTests" name="testHoverAction" time="16.806"/>
</testsuite> <!-- Default test -->
