<?xml version="1.0" encoding="UTF-8"?>
<testng-results ignored="0" total="3" passed="3" failed="0" skipped="0">
  <reporter-output>
  </reporter-output>
  <suite started-at="2025-05-26T11:24:38 IST" name="Suite" finished-at="2025-05-26T11:26:35 IST" duration-ms="117192">
    <groups>
    </groups>
    <test started-at="2025-05-26T11:24:38 IST" name="Test" finished-at="2025-05-26T11:26:35 IST" duration-ms="117192">
      <class name="tests.LoginTest">
        <test-method is-config="true" signature="setup()[pri:0, instance:tests.LoginTest@2a798d51]" started-at="2025-05-26T11:25:21 IST" name="setup" finished-at="2025-05-26T11:25:32 IST" duration-ms="11275" status="PASS">
          <reporter-output>
          </reporter-output>
        </test-method> <!-- setup -->
        <test-method signature="loginWithValidCredentials()[pri:0, instance:tests.LoginTest@2a798d51]" started-at="2025-05-26T11:25:32 IST" name="loginWithValidCredentials" finished-at="2025-05-26T11:25:56 IST" duration-ms="24205" status="PASS">
          <reporter-output>
          </reporter-output>
        </test-method> <!-- loginWithValidCredentials -->
        <test-method is-config="true" signature="tearDown(org.testng.ITestResult)[pri:0, instance:tests.LoginTest@2a798d51]" started-at="2025-05-26T11:25:56 IST" name="tearDown" finished-at="2025-05-26T11:26:03 IST" duration-ms="6422" status="PASS">
          <params>
            <param index="0">
              <value>
                <![CDATA[[TestResult name=loginWithValidCredentials status=SUCCESS method=LoginTest.loginWithValidCredentials()[pri:0, instance:tests.LoginTest@2a798d51] output={null}]]]>
              </value>
            </param>
          </params>
          <reporter-output>
          </reporter-output>
        </test-method> <!-- tearDown -->
      </class> <!-- tests.LoginTest -->
      <class name="tests.AddProductsToCartTest">
        <test-method is-config="true" signature="setup()[pri:0, instance:tests.AddProductsToCartTest@6d763516]" started-at="2025-05-26T11:26:03 IST" name="setup" finished-at="2025-05-26T11:26:14 IST" duration-ms="11768" status="PASS">
          <reporter-output>
          </reporter-output>
        </test-method> <!-- setup -->
        <test-method signature="testAddProductsToCart()[pri:0, instance:tests.AddProductsToCartTest@6d763516]" started-at="2025-05-26T11:26:14 IST" name="testAddProductsToCart" finished-at="2025-05-26T11:26:29 IST" duration-ms="15055" status="PASS">
          <reporter-output>
          </reporter-output>
        </test-method> <!-- testAddProductsToCart -->
        <test-method is-config="true" signature="tearDown(org.testng.ITestResult)[pri:0, instance:tests.AddProductsToCartTest@6d763516]" started-at="2025-05-26T11:26:29 IST" name="tearDown" finished-at="2025-05-26T11:26:35 IST" duration-ms="5622" status="PASS">
          <params>
            <param index="0">
              <value>
                <![CDATA[[TestResult name=testAddProductsToCart status=SUCCESS method=AddProductsToCartTest.testAddProductsToCart()[pri:0, instance:tests.AddProductsToCartTest@6d763516] output={null}]]]>
              </value>
            </param>
          </params>
          <reporter-output>
          </reporter-output>
        </test-method> <!-- tearDown -->
      </class> <!-- tests.AddProductsToCartTest -->
      <class name="tests.RegisterUserTest">
        <test-method is-config="true" signature="setup()[pri:0, instance:tests.RegisterUserTest@123ef382]" started-at="2025-05-26T11:24:38 IST" name="setup" finished-at="2025-05-26T11:24:50 IST" duration-ms="12140" status="PASS">
          <reporter-output>
          </reporter-output>
        </test-method> <!-- setup -->
        <test-method signature="testRegisterUser()[pri:0, instance:tests.RegisterUserTest@123ef382]" started-at="2025-05-26T11:24:50 IST" name="testRegisterUser" finished-at="2025-05-26T11:25:14 IST" duration-ms="24147" status="PASS">
          <reporter-output>
          </reporter-output>
        </test-method> <!-- testRegisterUser -->
        <test-method is-config="true" signature="tearDown(org.testng.ITestResult)[pri:0, instance:tests.RegisterUserTest@123ef382]" started-at="2025-05-26T11:25:14 IST" name="tearDown" finished-at="2025-05-26T11:25:21 IST" duration-ms="6496" status="PASS">
          <params>
            <param index="0">
              <value>
                <![CDATA[[TestResult name=testRegisterUser status=SUCCESS method=RegisterUserTest.testRegisterUser()[pri:0, instance:tests.RegisterUserTest@123ef382] output={null}]]]>
              </value>
            </param>
          </params>
          <reporter-output>
          </reporter-output>
        </test-method> <!-- tearDown -->
      </class> <!-- tests.RegisterUserTest -->
    </test> <!-- Test -->
  </suite> <!-- Suite -->
</testng-results>
