<?xml version="1.0" encoding="UTF-8"?>
<testng-results ignored="0" total="1" passed="1" failed="0" skipped="0">
  <reporter-output>
  </reporter-output>
  <suite started-at="2025-05-25T13:35:14 IST" name="Default suite" finished-at="2025-05-25T13:35:56 IST" duration-ms="41800">
    <groups>
    </groups>
    <test started-at="2025-05-25T13:35:14 IST" name="Default test" finished-at="2025-05-25T13:35:56 IST" duration-ms="41800">
      <class name="tests.AddProductsToCartTest">
        <test-method is-config="true" signature="loadConfig()[pri:0, instance:tests.AddProductsToCartTest@10feca44]" started-at="2025-05-25T13:35:14 IST" name="loadConfig" finished-at="2025-05-25T13:35:14 IST" duration-ms="18" status="PASS">
          <reporter-output>
          </reporter-output>
        </test-method> <!-- loadConfig -->
        <test-method is-config="true" signature="setup()[pri:0, instance:tests.AddProductsToCartTest@10feca44]" started-at="2025-05-25T13:35:14 IST" name="setup" finished-at="2025-05-25T13:35:29 IST" duration-ms="15652" status="PASS">
          <reporter-output>
          </reporter-output>
        </test-method> <!-- setup -->
        <test-method signature="testAddProductsToCart()[pri:0, instance:tests.AddProductsToCartTest@10feca44]" started-at="2025-05-25T13:35:29 IST" name="testAddProductsToCart" finished-at="2025-05-25T13:35:46 IST" duration-ms="16539" status="PASS">
          <reporter-output>
          </reporter-output>
        </test-method> <!-- testAddProductsToCart -->
        <test-method is-config="true" signature="tearDown(org.testng.ITestResult)[pri:0, instance:tests.AddProductsToCartTest@10feca44]" started-at="2025-05-25T13:35:46 IST" name="tearDown" finished-at="2025-05-25T13:35:56 IST" duration-ms="9532" status="PASS">
          <params>
            <param index="0">
              <value>
                <![CDATA[[TestResult name=testAddProductsToCart status=SUCCESS method=AddProductsToCartTest.testAddProductsToCart()[pri:0, instance:tests.AddProductsToCartTest@10feca44] output={null}]]]>
              </value>
            </param>
          </params>
          <reporter-output>
          </reporter-output>
        </test-method> <!-- tearDown -->
      </class> <!-- tests.AddProductsToCartTest -->
    </test> <!-- Default test -->
  </suite> <!-- Default suite -->
</testng-results>
